  AchievementsMenu.cpp
  Action.cpp
  ActionMap.cpp
  Actor.cpp
  ActorManager.cpp
  Animation.cpp
  AnimationComponent.cpp
  Audio.cpp
  Belfly.cpp
  Bench.cpp
  Boofly.cpp
  Boss.cpp
  Button.cpp
  Camera.cpp
  Canvas.cpp
  CharmsMenu.cpp
  CollectableActor.cpp
  CollisionComponent.cpp
  Component.cpp
  ControllerMenu.cpp
  Génération de code en cours...
  Compilation en cours...
  DeathMob.cpp
C:\ProjetVs\SFML\SlaveMarketProject\HollowKnight\DeathMob.cpp(46,31): warning C4305: 'argument' : troncation de 'unsigned __int64' à 'const T'
          with
          [
              T=int
          ]
C:\ProjetVs\SFML\SlaveMarketProject\HollowKnight\DeathMob.cpp(46,31): warning C4309: 'argument' : troncation de valeur de constante
  Dragon.cpp
  DragonAnimationComponent.cpp
  Enemy.cpp
  ExtrasMenu.cpp
  FalseKnight.cpp
  FileLoader.cpp
  FontData.cpp
  FontManager.cpp
  Game.cpp
  Grub.cpp
  HUD.cpp
  HuskBully.cpp
  InputManager.cpp
  InteractableActor.cpp
  InteractionComponent.cpp
  Inventory.cpp
  Item.cpp
  ItemWidget.cpp
  KeyboardMenu.cpp
  Génération de code en cours...
  Compilation en cours...
  Kismet.cpp
  Label.cpp
  Lever.cpp
  LeverAnimationComponent.cpp
  Lift.cpp
  Macro.cpp
  Main.cpp
  MainMenu.cpp
  Map.cpp
  Menu.cpp
  MenuManager.cpp
  Merchand.cpp
C:\ProjetVs\SFML\SlaveMarketProject\HollowKnight\Merchand.cpp(11,1): warning C4005: 'PATH_POINTER' : redéfinition de macro
C:\ProjetVs\SFML\SlaveMarketProject\HollowKnight\Menu.h(10,1): message : voir la définition précédente de 'PATH_POINTER'
  MerchandAnimationComponent.cpp
  Mob.cpp
  MobAttackComponent.cpp
  MobLifeComponent.cpp
  MovementComponent.cpp
  MusicData.cpp
  MusicManager.cpp
  NPCAnimationComponent.cpp
  Génération de code en cours...
  Compilation en cours...
  Object.cpp
  OptionsMenu.cpp
  PauseMenu.cpp
  Player.cpp
  PlayerAnimationComponent.cpp
  PlayerAttackComponent.cpp
  PlayerInfo.cpp
  PlayerMovementComponent.cpp
  PlayerStat.cpp
  PNJ.cpp
  ProgressBar.cpp
  ProgressLabel.cpp
  PurchaseMenu.cpp
  QuitGameMenu.cpp
  QuitToMenu.cpp
  ShapeObject.cpp
  ShapeWidget.cpp
  ShopMenu.cpp
  SoundData.cpp
  SoundManager.cpp
  Génération de code en cours...
  Compilation en cours...
  Spawner.cpp
  TextObject.cpp
  TextureData.cpp
  TextureManager.cpp
  TextWidget.cpp
  Timer.cpp
  TimerManager.cpp
  TitleMenu.cpp
  Widget.cpp
  Génération de code en cours...
  HollowKnight.vcxproj -> C:\ProjetVs\SFML\SlaveMarketProject\HollowKnight\x64\Debug\HollowKnight.exe
