  AchievementsMenu.cpp
  Actor.cpp
  Audio.cpp
  Boss.cpp
  Camera.cpp
  CharmsMenu.cpp
  CollectableActor.cpp
  CollisionComponent.cpp
  ControllerMenu.cpp
  DeathMob.cpp
  ExtrasMenu.cpp
  FalseKnight.cpp
  Game.cpp
  InteractableActor.cpp
  InteractionComponent.cpp
  Inventory.cpp
  KeyboardMenu.cpp
  Lift.cpp
  Main.cpp
  MainMenu.cpp
  Génération de code en cours...
  Compilation en cours...
  Map.cpp
  Merchand.cpp
  OptionsMenu.cpp
  PauseMenu.cpp
  Player.cpp
  PlayerAttackComponent.cpp
  PlayerInfo.cpp
  PlayerMovementComponent.cpp
  PlayerStat.cpp
  PurchaseMenu.cpp
  QuitGameMenu.cpp
  QuitToMenu.cpp
  ShopMenu.cpp
  Spawner.cpp
  TitleMenu.cpp
  Génération de code en cours...
  HollowKnight.vcxproj -> C:\Users\vokin\Documents\GitHub\SlaveMarketProject\HollowKnight\x64\Debug\HollowKnight.exe
